<?xml version="1.0" encoding="UTF-8"?>
<!-- Generated by org.testng.reporters.JUnitReportReporter -->
<testsuite hostname="DESKTOP-QVM6J4J" failures="0" tests="2" name="com.Test.Test_001" time="7.875" errors="0" timestamp="2022-06-07T08:24:25 IST" skipped="0">
  <testcase classname="com.Test.Test_001" name="verifyTest_001" time="3.761"/>
  <system-out/>
  <testcase classname="com.Test.Test_001" name="verifyTest_001" time="4.114"/>
  <system-out/>
</testsuite> <!-- com.Test.Test_001 -->
